<?xml version="1.0" encoding="UTF-8"?>
<testsuite xmlns:xsi="http://www.w3.org/2001/XMLSchema-instance" xsi:noNamespaceSchemaLocation="https://maven.apache.org/surefire/maven-surefire-plugin/xsd/surefire-test-report-3.0.xsd" version="3.0" name="com.example.DemoTest" time="2.662" tests="1" errors="0" skipped="0" failures="0">
  <properties>
[...]
</properties>
  <testcase name="testItWorks" classname="com.example.DemoTest" time="0.066">
    <system-out><![CDATA[21:12:43.675 [main] INFO  i.m.c.DefaultApplicationContext$RuntimeConfiguredEnvironment - Established active environments: [test]
21:12:44.042 [main] INFO  org.hibernate.Version - HHH000412: Hibernate ORM core version 6.2.6.Final
21:12:44.044 [main] INFO  org.hibernate.cfg.Environment - HHH000406: Using bytecode reflection optimizer
21:12:44.730 [main] INFO  o.h.b.i.BytecodeProviderInitiator - HHH000021: Bytecode provider name : bytebuddy
Hibernate: 
    create table payment_request (
        id bigint generated by default as identity,
        amount numeric(38,2) not null,
        last_updated_time timestamp(6) not null,
        cpf varchar(255),
        name varchar(255),
        payment_type varchar(255) not null,
        request_date timestamp(6) not null,
        primary key (id)
    )
]]></system-out>
  </testcase>
</testsuite>